2025-06-27T03:56:45.797Z / GET HTTP/1.1 Mozilla/5.0 (X11; Ubuntu; Linux x86_64; rv:138.0) Gecko/20100101 Firefox/138.0
2025-06-27T03:56:52.313Z /about GET HTTP/1.1 Mozilla/5.0 (X11; Ubuntu; Linux x86_64; rv:138.0) Gecko/20100101 Firefox/138.0
2025-06-27T04:31:18.262Z /about GET HTTP/1.1 Mozilla/5.0 (X11; Ubuntu; Linux x86_64; rv:138.0) Gecko/20100101 Firefox/138.0
2025-06-27T04:31:28.562Z /lorem/3 GET HTTP/1.1 Mozilla/5.0 (X11; Ubuntu; Linux x86_64; rv:138.0) Gecko/20100101 Firefox/138.0
2025-06-27T04:31:33.422Z /lorem/2 GET HTTP/1.1 Mozilla/5.0 (X11; Ubuntu; Linux x86_64; rv:138.0) Gecko/20100101 Firefox/138.0
2025-06-27T04:31:37.218Z /lorem/5 GET HTTP/1.1 Mozilla/5.0 (X11; Ubuntu; Linux x86_64; rv:138.0) Gecko/20100101 Firefox/138.0
2025-06-27T05:01:34.840Z /hb1 GET HTTP/1.1 Mozilla/5.0 (X11; Ubuntu; Linux x86_64; rv:138.0) Gecko/20100101 Firefox/138.0
2025-06-27T05:01:38.631Z /hb2 GET HTTP/1.1 Mozilla/5.0 (X11; Ubuntu; Linux x86_64; rv:138.0) Gecko/20100101 Firefox/138.0
2025-06-27T05:01:41.046Z /hb3 GET HTTP/1.1 Mozilla/5.0 (X11; Ubuntu; Linux x86_64; rv:138.0) Gecko/20100101 Firefox/138.0
2025-06-27T05:10:41.792Z /hb3 GET HTTP/1.1 Mozilla/5.0 (X11; Ubuntu; Linux x86_64; rv:138.0) Gecko/20100101 Firefox/138.0
2025-06-27T05:11:13.163Z /hb3 GET HTTP/1.1 Mozilla/5.0 (X11; Ubuntu; Linux x86_64; rv:138.0) Gecko/20100101 Firefox/138.0
2025-06-27T05:11:16.669Z /hb4 GET HTTP/1.1 Mozilla/5.0 (X11; Ubuntu; Linux x86_64; rv:138.0) Gecko/20100101 Firefox/138.0
2025-06-27T05:11:33.317Z /hb4 GET HTTP/1.1 Mozilla/5.0 (X11; Ubuntu; Linux x86_64; rv:138.0) Gecko/20100101 Firefox/138.0
2025-06-27T05:13:50.770Z /hb4 GET HTTP/1.1 Mozilla/5.0 (X11; Ubuntu; Linux x86_64; rv:138.0) Gecko/20100101 Firefox/138.0
2025-06-27T05:16:06.166Z /hb4 GET HTTP/1.1 Mozilla/5.0 (X11; Ubuntu; Linux x86_64; rv:138.0) Gecko/20100101 Firefox/138.0
2025-06-27T05:17:02.190Z /hb4 GET HTTP/1.1 Mozilla/5.0 (X11; Ubuntu; Linux x86_64; rv:138.0) Gecko/20100101 Firefox/138.0
2025-06-27T05:19:17.364Z /hb4 GET HTTP/1.1 Mozilla/5.0 (X11; Ubuntu; Linux x86_64; rv:138.0) Gecko/20100101 Firefox/138.0
2025-06-27T05:20:37.530Z /hb4 GET HTTP/1.1 Mozilla/5.0 (X11; Ubuntu; Linux x86_64; rv:138.0) Gecko/20100101 Firefox/138.0
2025-06-27T05:24:03.780Z /hb4 GET HTTP/1.1 Mozilla/5.0 (X11; Ubuntu; Linux x86_64; rv:138.0) Gecko/20100101 Firefox/138.0
2025-06-27T05:24:39.344Z /hb4 GET HTTP/1.1 Mozilla/5.0 (X11; Ubuntu; Linux x86_64; rv:138.0) Gecko/20100101 Firefox/138.0
2025-06-27T05:43:38.262Z /hb4 GET HTTP/1.1 Mozilla/5.0 (X11; Ubuntu; Linux x86_64; rv:138.0) Gecko/20100101 Firefox/138.0
2025-06-27T05:44:18.194Z /hb4 GET HTTP/1.1 Mozilla/5.0 (X11; Ubuntu; Linux x86_64; rv:138.0) Gecko/20100101 Firefox/138.0
2025-06-27T05:44:20.461Z /hb3 GET HTTP/1.1 Mozilla/5.0 (X11; Ubuntu; Linux x86_64; rv:138.0) Gecko/20100101 Firefox/138.0
2025-06-27T05:44:24.389Z /hb2 GET HTTP/1.1 Mozilla/5.0 (X11; Ubuntu; Linux x86_64; rv:138.0) Gecko/20100101 Firefox/138.0
2025-06-27T05:44:27.140Z /hb1 GET HTTP/1.1 Mozilla/5.0 (X11; Ubuntu; Linux x86_64; rv:138.0) Gecko/20100101 Firefox/138.0
2025-06-27T05:44:30.668Z /about GET HTTP/1.1 Mozilla/5.0 (X11; Ubuntu; Linux x86_64; rv:138.0) Gecko/20100101 Firefox/138.0
2025-06-27T05:44:34.745Z / GET HTTP/1.1 Mozilla/5.0 (X11; Ubuntu; Linux x86_64; rv:138.0) Gecko/20100101 Firefox/138.0
2025-06-27T05:45:54.037Z /hb1 GET HTTP/1.1 Mozilla/5.0 (X11; Ubuntu; Linux x86_64; rv:138.0) Gecko/20100101 Firefox/138.0
2025-06-27T05:46:16.983Z /hb1 GET HTTP/1.1 Mozilla/5.0 (X11; Ubuntu; Linux x86_64; rv:138.0) Gecko/20100101 Firefox/138.0
2025-06-27T06:07:42.158Z /hb1 GET HTTP/1.1 Mozilla/5.0 (X11; Ubuntu; Linux x86_64; rv:138.0) Gecko/20100101 Firefox/138.0
2025-06-27T06:07:46.929Z /about GET HTTP/1.1 Mozilla/5.0 (X11; Ubuntu; Linux x86_64; rv:138.0) Gecko/20100101 Firefox/138.0
2025-06-27T06:10:18.370Z /about GET HTTP/1.1 Mozilla/5.0 (X11; Ubuntu; Linux x86_64; rv:138.0) Gecko/20100101 Firefox/138.0
2025-06-27T06:12:05.076Z /hb1 GET HTTP/1.1 Mozilla/5.0 (X11; Ubuntu; Linux x86_64; rv:138.0) Gecko/20100101 Firefox/138.0
2025-06-27T06:13:08.052Z /hb1 GET HTTP/1.1 Mozilla/5.0 (X11; Ubuntu; Linux x86_64; rv:138.0) Gecko/20100101 Firefox/138.0
2025-06-27T06:14:38.625Z /hb1 GET HTTP/1.1 Mozilla/5.0 (X11; Ubuntu; Linux x86_64; rv:138.0) Gecko/20100101 Firefox/138.0
2025-06-27T06:16:52.365Z /hb1 GET HTTP/1.1 Mozilla/5.0 (X11; Ubuntu; Linux x86_64; rv:138.0) Gecko/20100101 Firefox/138.0
2025-06-27T06:16:53.357Z /hb1 GET HTTP/1.1 Mozilla/5.0 (X11; Ubuntu; Linux x86_64; rv:138.0) Gecko/20100101 Firefox/138.0
2025-06-27T06:17:37.709Z /hb1 GET HTTP/1.1 Mozilla/5.0 (X11; Ubuntu; Linux x86_64; rv:138.0) Gecko/20100101 Firefox/138.0
2025-06-27T06:18:05.168Z /about GET HTTP/1.1 Mozilla/5.0 (X11; Ubuntu; Linux x86_64; rv:138.0) Gecko/20100101 Firefox/138.0
2025-06-27T06:19:15.478Z /hb1 GET HTTP/1.1 Mozilla/5.0 (X11; Ubuntu; Linux x86_64; rv:138.0) Gecko/20100101 Firefox/138.0
2025-06-27T06:21:06.616Z /hb1 GET HTTP/1.1 Mozilla/5.0 (X11; Ubuntu; Linux x86_64; rv:138.0) Gecko/20100101 Firefox/138.0
2025-06-27T06:21:11.026Z /about GET HTTP/1.1 Mozilla/5.0 (X11; Ubuntu; Linux x86_64; rv:138.0) Gecko/20100101 Firefox/138.0
2025-06-27T06:21:12.562Z /about GET HTTP/1.1 Mozilla/5.0 (X11; Ubuntu; Linux x86_64; rv:138.0) Gecko/20100101 Firefox/138.0
2025-06-27T06:21:13.991Z /about GET HTTP/1.1 Mozilla/5.0 (X11; Ubuntu; Linux x86_64; rv:138.0) Gecko/20100101 Firefox/138.0
2025-06-27T06:21:32.775Z /hb1 GET HTTP/1.1 Mozilla/5.0 (X11; Ubuntu; Linux x86_64; rv:138.0) Gecko/20100101 Firefox/138.0
2025-06-27T06:22:35.292Z /hb1 GET HTTP/1.1 Mozilla/5.0 (X11; Ubuntu; Linux x86_64; rv:138.0) Gecko/20100101 Firefox/138.0
2025-06-27T06:22:36.334Z /hb1 GET HTTP/1.1 Mozilla/5.0 (X11; Ubuntu; Linux x86_64; rv:138.0) Gecko/20100101 Firefox/138.0
2025-06-27T06:22:55.910Z /hb1 GET HTTP/1.1 Mozilla/5.0 (X11; Ubuntu; Linux x86_64; rv:138.0) Gecko/20100101 Firefox/138.0
2025-06-27T06:22:56.940Z /hb1 GET HTTP/1.1 Mozilla/5.0 (X11; Ubuntu; Linux x86_64; rv:138.0) Gecko/20100101 Firefox/138.0
2025-06-27T06:23:08.600Z /hb1 GET HTTP/1.1 Mozilla/5.0 (X11; Ubuntu; Linux x86_64; rv:138.0) Gecko/20100101 Firefox/138.0
2025-06-27T06:23:33.180Z /hb1 GET HTTP/1.1 Mozilla/5.0 (X11; Ubuntu; Linux x86_64; rv:138.0) Gecko/20100101 Firefox/138.0
2025-06-27T06:23:57.259Z /hb1 GET HTTP/1.1 Mozilla/5.0 (X11; Ubuntu; Linux x86_64; rv:138.0) Gecko/20100101 Firefox/138.0
2025-06-27T06:23:58.155Z /hb1 GET HTTP/1.1 Mozilla/5.0 (X11; Ubuntu; Linux x86_64; rv:138.0) Gecko/20100101 Firefox/138.0
2025-06-27T06:23:58.333Z /hb1 GET HTTP/1.1 Mozilla/5.0 (X11; Ubuntu; Linux x86_64; rv:138.0) Gecko/20100101 Firefox/138.0
2025-06-27T06:24:18.353Z /about GET HTTP/1.1 Mozilla/5.0 (X11; Ubuntu; Linux x86_64; rv:138.0) Gecko/20100101 Firefox/138.0
2025-06-27T06:24:40.288Z /hb1 GET HTTP/1.1 Mozilla/5.0 (X11; Ubuntu; Linux x86_64; rv:138.0) Gecko/20100101 Firefox/138.0
2025-06-27T06:25:48.360Z /hb1 GET HTTP/1.1 Mozilla/5.0 (X11; Ubuntu; Linux x86_64; rv:138.0) Gecko/20100101 Firefox/138.0
2025-06-27T06:25:49.410Z /hb1 GET HTTP/1.1 Mozilla/5.0 (X11; Ubuntu; Linux x86_64; rv:138.0) Gecko/20100101 Firefox/138.0
2025-06-27T06:25:59.908Z /hb1 GET HTTP/1.1 Mozilla/5.0 (X11; Ubuntu; Linux x86_64; rv:138.0) Gecko/20100101 Firefox/138.0
2025-06-27T06:26:56.676Z /hb1 GET HTTP/1.1 Mozilla/5.0 (X11; Ubuntu; Linux x86_64; rv:138.0) Gecko/20100101 Firefox/138.0
2025-06-27T06:27:00.680Z /about GET HTTP/1.1 Mozilla/5.0 (X11; Ubuntu; Linux x86_64; rv:138.0) Gecko/20100101 Firefox/138.0
2025-06-27T06:27:34.964Z /about GET HTTP/1.1 Mozilla/5.0 (X11; Ubuntu; Linux x86_64; rv:138.0) Gecko/20100101 Firefox/138.0
2025-06-27T06:27:48.193Z /about GET HTTP/1.1 Mozilla/5.0 (X11; Ubuntu; Linux x86_64; rv:138.0) Gecko/20100101 Firefox/138.0
2025-06-27T06:28:44.473Z /about GET HTTP/1.1 Mozilla/5.0 (X11; Ubuntu; Linux x86_64; rv:138.0) Gecko/20100101 Firefox/138.0
2025-06-27T06:29:40.495Z /about GET HTTP/1.1 Mozilla/5.0 (X11; Ubuntu; Linux x86_64; rv:138.0) Gecko/20100101 Firefox/138.0
2025-06-27T06:30:54.504Z /about GET HTTP/1.1 Mozilla/5.0 (X11; Ubuntu; Linux x86_64; rv:138.0) Gecko/20100101 Firefox/138.0
2025-06-27T06:32:45.539Z /about GET HTTP/1.1 Mozilla/5.0 (X11; Linux x86_64) AppleWebKit/537.36 (KHTML, like Gecko) Chrome/131.0.0.0 Safari/537.36
2025-06-27T06:32:45.621Z /favicon.ico GET HTTP/1.1 Mozilla/5.0 (X11; Linux x86_64) AppleWebKit/537.36 (KHTML, like Gecko) Chrome/131.0.0.0 Safari/537.36
2025-06-27T06:33:36.914Z /about GET HTTP/1.1 Mozilla/5.0 (X11; Ubuntu; Linux x86_64; rv:138.0) Gecko/20100101 Firefox/138.0
2025-06-27T19:12:36.623Z /about GET HTTP/1.1 Mozilla/5.0 (X11; Ubuntu; Linux x86_64; rv:138.0) Gecko/20100101 Firefox/138.0
2025-06-27T19:12:40.363Z /major GET HTTP/1.1 Mozilla/5.0 (X11; Ubuntu; Linux x86_64; rv:138.0) Gecko/20100101 Firefox/138.0
2025-06-27T19:12:45.548Z /major/create GET HTTP/1.1 Mozilla/5.0 (X11; Ubuntu; Linux x86_64; rv:138.0) Gecko/20100101 Firefox/138.0
2025-06-27T19:12:45.582Z /favicon.ico GET HTTP/1.1 Mozilla/5.0 (X11; Ubuntu; Linux x86_64; rv:138.0) Gecko/20100101 Firefox/138.0
2025-06-27T19:13:15.330Z /major/create POST HTTP/1.1 Mozilla/5.0 (X11; Ubuntu; Linux x86_64; rv:138.0) Gecko/20100101 Firefox/138.0
2025-06-27T19:13:15.343Z /major GET HTTP/1.1 Mozilla/5.0 (X11; Ubuntu; Linux x86_64; rv:138.0) Gecko/20100101 Firefox/138.0
2025-06-27T19:16:06.700Z /major GET HTTP/1.1 Mozilla/5.0 (X11; Ubuntu; Linux x86_64; rv:138.0) Gecko/20100101 Firefox/138.0
2025-06-27T19:16:11.617Z /major/create GET HTTP/1.1 Mozilla/5.0 (X11; Ubuntu; Linux x86_64; rv:138.0) Gecko/20100101 Firefox/138.0
2025-06-27T19:16:36.585Z /major/create POST HTTP/1.1 Mozilla/5.0 (X11; Ubuntu; Linux x86_64; rv:138.0) Gecko/20100101 Firefox/138.0
2025-06-27T19:16:36.595Z /major GET HTTP/1.1 Mozilla/5.0 (X11; Ubuntu; Linux x86_64; rv:138.0) Gecko/20100101 Firefox/138.0
2025-06-27T19:18:18.953Z /major GET HTTP/1.1 Mozilla/5.0 (X11; Ubuntu; Linux x86_64; rv:138.0) Gecko/20100101 Firefox/138.0
2025-06-27T19:19:48.925Z /major GET HTTP/1.1 Mozilla/5.0 (X11; Ubuntu; Linux x86_64; rv:138.0) Gecko/20100101 Firefox/138.0
2025-06-27T19:21:43.755Z /major GET HTTP/1.1 Mozilla/5.0 (X11; Ubuntu; Linux x86_64; rv:138.0) Gecko/20100101 Firefox/138.0
2025-06-27T19:22:23.175Z /major GET HTTP/1.1 Mozilla/5.0 (X11; Ubuntu; Linux x86_64; rv:138.0) Gecko/20100101 Firefox/138.0
2025-06-27T19:24:48.433Z /major GET HTTP/1.1 Mozilla/5.0 (X11; Ubuntu; Linux x86_64; rv:138.0) Gecko/20100101 Firefox/138.0
2025-06-27T19:25:15.234Z /major GET HTTP/1.1 Mozilla/5.0 (X11; Ubuntu; Linux x86_64; rv:138.0) Gecko/20100101 Firefox/138.0
2025-06-27T19:25:45.245Z /major GET HTTP/1.1 Mozilla/5.0 (X11; Ubuntu; Linux x86_64; rv:138.0) Gecko/20100101 Firefox/138.0
2025-06-27T19:33:55.472Z /major GET HTTP/1.1 Mozilla/5.0 (X11; Ubuntu; Linux x86_64; rv:138.0) Gecko/20100101 Firefox/138.0
2025-06-27T19:35:37.338Z /major GET HTTP/1.1 Mozilla/5.0 (X11; Ubuntu; Linux x86_64; rv:138.0) Gecko/20100101 Firefox/138.0
2025-06-27T19:49:24.592Z /major GET HTTP/1.1 Mozilla/5.0 (X11; Ubuntu; Linux x86_64; rv:138.0) Gecko/20100101 Firefox/138.0
2025-06-27T19:49:24.638Z /favicon.ico GET HTTP/1.1 Mozilla/5.0 (X11; Ubuntu; Linux x86_64; rv:138.0) Gecko/20100101 Firefox/138.0
2025-06-27T19:49:29.756Z /major GET HTTP/1.1 Mozilla/5.0 (X11; Ubuntu; Linux x86_64; rv:138.0) Gecko/20100101 Firefox/138.0
2025-06-27T19:51:34.220Z /major GET HTTP/1.1 Mozilla/5.0 (X11; Ubuntu; Linux x86_64; rv:138.0) Gecko/20100101 Firefox/138.0
2025-06-27T19:51:36.079Z /major/read/21d6c6d0-8955-48dc-a457-5099d1fa768b GET HTTP/1.1 Mozilla/5.0 (X11; Ubuntu; Linux x86_64; rv:138.0) Gecko/20100101 Firefox/138.0
2025-06-27T19:51:54.417Z /major GET HTTP/1.1 Mozilla/5.0 (X11; Ubuntu; Linux x86_64; rv:138.0) Gecko/20100101 Firefox/138.0
2025-06-27T19:54:29.752Z /major GET HTTP/1.1 Mozilla/5.0 (X11; Ubuntu; Linux x86_64; rv:138.0) Gecko/20100101 Firefox/138.0
2025-06-27T19:55:20.919Z /major/read/4044cf5a-f366-4cdb-a05c-d38a59b9872c GET HTTP/1.1 Mozilla/5.0 (X11; Ubuntu; Linux x86_64; rv:138.0) Gecko/20100101 Firefox/138.0
2025-06-27T19:55:23.705Z /major GET HTTP/1.1 Mozilla/5.0 (X11; Ubuntu; Linux x86_64; rv:138.0) Gecko/20100101 Firefox/138.0
2025-06-27T19:55:25.154Z /major GET HTTP/1.1 Mozilla/5.0 (X11; Ubuntu; Linux x86_64; rv:138.0) Gecko/20100101 Firefox/138.0
2025-06-27T19:56:28.522Z /major GET HTTP/1.1 Mozilla/5.0 (X11; Ubuntu; Linux x86_64; rv:138.0) Gecko/20100101 Firefox/138.0
2025-06-27T19:56:32.557Z /major/remove/21d6c6d0-8955-48dc-a457-5099d1fa768b POST HTTP/1.1 Mozilla/5.0 (X11; Ubuntu; Linux x86_64; rv:138.0) Gecko/20100101 Firefox/138.0
2025-06-27T19:56:32.567Z /major GET HTTP/1.1 Mozilla/5.0 (X11; Ubuntu; Linux x86_64; rv:138.0) Gecko/20100101 Firefox/138.0
2025-06-27T19:56:32.598Z /favicon.ico GET HTTP/1.1 Mozilla/5.0 (X11; Ubuntu; Linux x86_64; rv:138.0) Gecko/20100101 Firefox/138.0
2025-06-27T19:56:35.127Z /major GET HTTP/1.1 Mozilla/5.0 (X11; Ubuntu; Linux x86_64; rv:138.0) Gecko/20100101 Firefox/138.0
2025-06-27T19:57:08.103Z /create GET HTTP/1.1 Mozilla/5.0 (X11; Ubuntu; Linux x86_64; rv:138.0) Gecko/20100101 Firefox/138.0
2025-06-27T19:57:18.134Z /major/create GET HTTP/1.1 Mozilla/5.0 (X11; Ubuntu; Linux x86_64; rv:138.0) Gecko/20100101 Firefox/138.0
2025-06-27T19:57:28.374Z /major/create POST HTTP/1.1 Mozilla/5.0 (X11; Ubuntu; Linux x86_64; rv:138.0) Gecko/20100101 Firefox/138.0
2025-06-27T19:57:28.387Z /major GET HTTP/1.1 Mozilla/5.0 (X11; Ubuntu; Linux x86_64; rv:138.0) Gecko/20100101 Firefox/138.0
2025-06-27T19:57:32.120Z /major/remove/4044cf5a-f366-4cdb-a05c-d38a59b9872c POST HTTP/1.1 Mozilla/5.0 (X11; Ubuntu; Linux x86_64; rv:138.0) Gecko/20100101 Firefox/138.0
2025-06-27T19:57:32.136Z /major GET HTTP/1.1 Mozilla/5.0 (X11; Ubuntu; Linux x86_64; rv:138.0) Gecko/20100101 Firefox/138.0
2025-06-27T19:57:35.182Z /major GET HTTP/1.1 Mozilla/5.0 (X11; Ubuntu; Linux x86_64; rv:138.0) Gecko/20100101 Firefox/138.0
2025-06-27T19:59:02.884Z /major/read/7c75d8b1-44a2-4a72-9eae-57024c929d2a GET HTTP/1.1 Mozilla/5.0 (X11; Ubuntu; Linux x86_64; rv:138.0) Gecko/20100101 Firefox/138.0
2025-06-27T19:59:09.020Z /major GET HTTP/1.1 Mozilla/5.0 (X11; Ubuntu; Linux x86_64; rv:138.0) Gecko/20100101 Firefox/138.0
2025-06-27T20:00:02.786Z /major GET HTTP/1.1 Mozilla/5.0 (X11; Ubuntu; Linux x86_64; rv:138.0) Gecko/20100101 Firefox/138.0
2025-06-27T20:04:37.187Z /major GET HTTP/1.1 Mozilla/5.0 (X11; Ubuntu; Linux x86_64; rv:138.0) Gecko/20100101 Firefox/138.0
2025-06-27T20:06:05.523Z /major GET HTTP/1.1 Mozilla/5.0 (X11; Ubuntu; Linux x86_64; rv:138.0) Gecko/20100101 Firefox/138.0
2025-06-27T20:06:11.479Z /major/remove/7c75d8b1-44a2-4a72-9eae-57024c929d2a POST HTTP/1.1 Mozilla/5.0 (X11; Ubuntu; Linux x86_64; rv:138.0) Gecko/20100101 Firefox/138.0
2025-06-27T20:06:11.501Z /major GET HTTP/1.1 Mozilla/5.0 (X11; Ubuntu; Linux x86_64; rv:138.0) Gecko/20100101 Firefox/138.0
2025-06-27T20:06:17.648Z /major/create GET HTTP/1.1 Mozilla/5.0 (X11; Ubuntu; Linux x86_64; rv:138.0) Gecko/20100101 Firefox/138.0
2025-06-27T20:06:26.891Z /major/create POST HTTP/1.1 Mozilla/5.0 (X11; Ubuntu; Linux x86_64; rv:138.0) Gecko/20100101 Firefox/138.0
2025-06-27T20:06:26.927Z /favicon.ico GET HTTP/1.1 Mozilla/5.0 (X11; Ubuntu; Linux x86_64; rv:138.0) Gecko/20100101 Firefox/138.0
2025-06-27T20:06:37.989Z /major/create GET HTTP/1.1 Mozilla/5.0 (X11; Ubuntu; Linux x86_64; rv:138.0) Gecko/20100101 Firefox/138.0
2025-06-27T20:06:40.535Z /major/create POST HTTP/1.1 Mozilla/5.0 (X11; Ubuntu; Linux x86_64; rv:138.0) Gecko/20100101 Firefox/138.0
2025-06-27T20:06:40.557Z /favicon.ico GET HTTP/1.1 Mozilla/5.0 (X11; Ubuntu; Linux x86_64; rv:138.0) Gecko/20100101 Firefox/138.0
2025-06-27T20:06:48.740Z /major/create GET HTTP/1.1 Mozilla/5.0 (X11; Ubuntu; Linux x86_64; rv:138.0) Gecko/20100101 Firefox/138.0
2025-06-27T20:06:53.975Z /major/create POST HTTP/1.1 Mozilla/5.0 (X11; Ubuntu; Linux x86_64; rv:138.0) Gecko/20100101 Firefox/138.0
2025-06-27T20:06:53.988Z /major GET HTTP/1.1 Mozilla/5.0 (X11; Ubuntu; Linux x86_64; rv:138.0) Gecko/20100101 Firefox/138.0
2025-06-27T20:06:58.220Z /major/read/de91d4d3-e006-40ca-83b6-12518a6774ae GET HTTP/1.1 Mozilla/5.0 (X11; Ubuntu; Linux x86_64; rv:138.0) Gecko/20100101 Firefox/138.0
2025-06-27T20:12:14.425Z /major/read/de91d4d3-e006-40ca-83b6-12518a6774ae GET HTTP/1.1 Mozilla/5.0 (X11; Ubuntu; Linux x86_64; rv:138.0) Gecko/20100101 Firefox/138.0
2025-06-27T20:12:16.364Z /major GET HTTP/1.1 Mozilla/5.0 (X11; Ubuntu; Linux x86_64; rv:138.0) Gecko/20100101 Firefox/138.0
2025-06-27T20:12:19.651Z /major/remove/de91d4d3-e006-40ca-83b6-12518a6774ae POST HTTP/1.1 Mozilla/5.0 (X11; Ubuntu; Linux x86_64; rv:138.0) Gecko/20100101 Firefox/138.0
2025-06-27T20:12:19.667Z /major GET HTTP/1.1 Mozilla/5.0 (X11; Ubuntu; Linux x86_64; rv:138.0) Gecko/20100101 Firefox/138.0
2025-06-27T20:12:27.180Z /major/create GET HTTP/1.1 Mozilla/5.0 (X11; Ubuntu; Linux x86_64; rv:138.0) Gecko/20100101 Firefox/138.0
2025-06-27T20:15:09.660Z /major/create GET HTTP/1.1 Mozilla/5.0 (X11; Ubuntu; Linux x86_64; rv:138.0) Gecko/20100101 Firefox/138.0
2025-06-27T20:15:46.171Z /major/create GET HTTP/1.1 Mozilla/5.0 (X11; Ubuntu; Linux x86_64; rv:138.0) Gecko/20100101 Firefox/138.0
2025-06-27T20:16:34.547Z /major/create POST HTTP/1.1 Mozilla/5.0 (X11; Ubuntu; Linux x86_64; rv:138.0) Gecko/20100101 Firefox/138.0
2025-06-27T20:16:34.565Z /major GET HTTP/1.1 Mozilla/5.0 (X11; Ubuntu; Linux x86_64; rv:138.0) Gecko/20100101 Firefox/138.0
2025-06-27T20:16:34.598Z /favicon.ico GET HTTP/1.1 Mozilla/5.0 (X11; Ubuntu; Linux x86_64; rv:138.0) Gecko/20100101 Firefox/138.0
2025-06-27T20:19:46.225Z /major GET HTTP/1.1 Mozilla/5.0 (X11; Ubuntu; Linux x86_64; rv:138.0) Gecko/20100101 Firefox/138.0
2025-06-27T20:20:33.873Z /major GET HTTP/1.1 Mozilla/5.0 (X11; Ubuntu; Linux x86_64; rv:138.0) Gecko/20100101 Firefox/138.0
2025-06-27T20:21:03.718Z /major GET HTTP/1.1 Mozilla/5.0 (X11; Ubuntu; Linux x86_64; rv:138.0) Gecko/20100101 Firefox/138.0
2025-06-27T20:23:27.615Z /major GET HTTP/1.1 Mozilla/5.0 (X11; Ubuntu; Linux x86_64; rv:138.0) Gecko/20100101 Firefox/138.0
2025-06-27T20:23:33.175Z /major/create GET HTTP/1.1 Mozilla/5.0 (X11; Ubuntu; Linux x86_64; rv:138.0) Gecko/20100101 Firefox/138.0
2025-06-27T20:24:34.745Z /major GET HTTP/1.1 Mozilla/5.0 (X11; Ubuntu; Linux x86_64; rv:138.0) Gecko/20100101 Firefox/138.0
2025-06-27T20:24:34.815Z /favicon.ico GET HTTP/1.1 Mozilla/5.0 (X11; Ubuntu; Linux x86_64; rv:138.0) Gecko/20100101 Firefox/138.0
2025-06-27T20:24:59.943Z /major GET HTTP/1.1 Mozilla/5.0 (X11; Ubuntu; Linux x86_64; rv:138.0) Gecko/20100101 Firefox/138.0
2025-06-27T20:25:09.590Z /major GET HTTP/1.1 Mozilla/5.0 (X11; Ubuntu; Linux x86_64; rv:138.0) Gecko/20100101 Firefox/138.0
2025-06-27T20:25:10.827Z /major GET HTTP/1.1 Mozilla/5.0 (X11; Ubuntu; Linux x86_64; rv:138.0) Gecko/20100101 Firefox/138.0
2025-06-27T20:25:40.588Z /major GET HTTP/1.1 Mozilla/5.0 (X11; Ubuntu; Linux x86_64; rv:138.0) Gecko/20100101 Firefox/138.0
2025-06-27T20:26:33.682Z /major/read/d4ee3cab-d9f0-4e4b-a18c-c95d07f1e964 GET HTTP/1.1 Mozilla/5.0 (X11; Ubuntu; Linux x86_64; rv:138.0) Gecko/20100101 Firefox/138.0
2025-06-27T20:26:33.735Z /favicon.ico GET HTTP/1.1 Mozilla/5.0 (X11; Ubuntu; Linux x86_64; rv:138.0) Gecko/20100101 Firefox/138.0
2025-06-27T20:28:58.675Z /major/read/d4ee3cab-d9f0-4e4b-a18c-c95d07f1e964 GET HTTP/1.1 Mozilla/5.0 (X11; Ubuntu; Linux x86_64; rv:138.0) Gecko/20100101 Firefox/138.0
2025-06-27T20:30:50.558Z /major/read/d4ee3cab-d9f0-4e4b-a18c-c95d07f1e964 GET HTTP/1.1 Mozilla/5.0 (X11; Ubuntu; Linux x86_64; rv:138.0) Gecko/20100101 Firefox/138.0
2025-06-27T20:31:29.458Z /major/read/d4ee3cab-d9f0-4e4b-a18c-c95d07f1e964 GET HTTP/1.1 Mozilla/5.0 (X11; Ubuntu; Linux x86_64; rv:138.0) Gecko/20100101 Firefox/138.0
2025-06-27T20:32:03.269Z /major/read/d4ee3cab-d9f0-4e4b-a18c-c95d07f1e964 GET HTTP/1.1 Mozilla/5.0 (X11; Ubuntu; Linux x86_64; rv:138.0) Gecko/20100101 Firefox/138.0
2025-06-27T20:32:29.150Z /major/read/d4ee3cab-d9f0-4e4b-a18c-c95d07f1e964 GET HTTP/1.1 Mozilla/5.0 (X11; Ubuntu; Linux x86_64; rv:138.0) Gecko/20100101 Firefox/138.0
2025-06-27T20:33:32.053Z /major/read/d4ee3cab-d9f0-4e4b-a18c-c95d07f1e964 GET HTTP/1.1 Mozilla/5.0 (X11; Ubuntu; Linux x86_64; rv:138.0) Gecko/20100101 Firefox/138.0
2025-06-27T20:33:33.345Z /major/read/d4ee3cab-d9f0-4e4b-a18c-c95d07f1e964 GET HTTP/1.1 Mozilla/5.0 (X11; Ubuntu; Linux x86_64; rv:138.0) Gecko/20100101 Firefox/138.0
2025-06-27T20:33:49.506Z /major/read/d4ee3cab-d9f0-4e4b-a18c-c95d07f1e964 GET HTTP/1.1 Mozilla/5.0 (X11; Ubuntu; Linux x86_64; rv:138.0) Gecko/20100101 Firefox/138.0
2025-06-27T20:33:53.057Z /major GET HTTP/1.1 Mozilla/5.0 (X11; Ubuntu; Linux x86_64; rv:138.0) Gecko/20100101 Firefox/138.0
2025-06-27T20:33:57.211Z /major/create GET HTTP/1.1 Mozilla/5.0 (X11; Ubuntu; Linux x86_64; rv:138.0) Gecko/20100101 Firefox/138.0
2025-06-27T20:34:14.361Z /major/create POST HTTP/1.1 Mozilla/5.0 (X11; Ubuntu; Linux x86_64; rv:138.0) Gecko/20100101 Firefox/138.0
2025-06-27T20:34:14.373Z /major GET HTTP/1.1 Mozilla/5.0 (X11; Ubuntu; Linux x86_64; rv:138.0) Gecko/20100101 Firefox/138.0
2025-06-27T20:45:05.858Z /major GET HTTP/1.1 Mozilla/5.0 (X11; Ubuntu; Linux x86_64; rv:138.0) Gecko/20100101 Firefox/138.0
2025-06-27T20:45:18.546Z /major/update/8da78da7-8c58-4736-b716-d8b3f0d03460 GET HTTP/1.1 Mozilla/5.0 (X11; Ubuntu; Linux x86_64; rv:138.0) Gecko/20100101 Firefox/138.0
2025-06-27T20:45:23.303Z /major/update/8da78da7-8c58-4736-b716-d8b3f0d03460 POST HTTP/1.1 Mozilla/5.0 (X11; Ubuntu; Linux x86_64; rv:138.0) Gecko/20100101 Firefox/138.0
2025-06-27T20:45:23.317Z /major GET HTTP/1.1 Mozilla/5.0 (X11; Ubuntu; Linux x86_64; rv:138.0) Gecko/20100101 Firefox/138.0
2025-06-27T20:45:23.360Z /favicon.ico GET HTTP/1.1 Mozilla/5.0 (X11; Ubuntu; Linux x86_64; rv:138.0) Gecko/20100101 Firefox/138.0
2025-06-27T20:45:25.699Z /major/read/8da78da7-8c58-4736-b716-d8b3f0d03460 GET HTTP/1.1 Mozilla/5.0 (X11; Ubuntu; Linux x86_64; rv:138.0) Gecko/20100101 Firefox/138.0
2025-06-27T20:45:34.130Z /major GET HTTP/1.1 Mozilla/5.0 (X11; Ubuntu; Linux x86_64; rv:138.0) Gecko/20100101 Firefox/138.0
2025-06-27T20:45:46.423Z /major/update/d4ee3cab-d9f0-4e4b-a18c-c95d07f1e964 GET HTTP/1.1 Mozilla/5.0 (X11; Ubuntu; Linux x86_64; rv:138.0) Gecko/20100101 Firefox/138.0
2025-06-27T20:45:49.512Z /major/update/d4ee3cab-d9f0-4e4b-a18c-c95d07f1e964 POST HTTP/1.1 Mozilla/5.0 (X11; Ubuntu; Linux x86_64; rv:138.0) Gecko/20100101 Firefox/138.0
2025-06-27T20:45:49.525Z /major GET HTTP/1.1 Mozilla/5.0 (X11; Ubuntu; Linux x86_64; rv:138.0) Gecko/20100101 Firefox/138.0
2025-06-27T20:55:13.291Z /major GET HTTP/1.1 Mozilla/5.0 (X11; Ubuntu; Linux x86_64; rv:138.0) Gecko/20100101 Firefox/138.0
2025-06-27T20:55:16.926Z /major/update/d4ee3cab-d9f0-4e4b-a18c-c95d07f1e964 GET HTTP/1.1 Mozilla/5.0 (X11; Ubuntu; Linux x86_64; rv:138.0) Gecko/20100101 Firefox/138.0
2025-06-27T20:55:19.360Z /major/update/d4ee3cab-d9f0-4e4b-a18c-c95d07f1e964 POST HTTP/1.1 Mozilla/5.0 (X11; Ubuntu; Linux x86_64; rv:138.0) Gecko/20100101 Firefox/138.0
2025-06-27T20:55:19.376Z /major GET HTTP/1.1 Mozilla/5.0 (X11; Ubuntu; Linux x86_64; rv:138.0) Gecko/20100101 Firefox/138.0
2025-06-27T20:55:21.890Z /major/read/d4ee3cab-d9f0-4e4b-a18c-c95d07f1e964 GET HTTP/1.1 Mozilla/5.0 (X11; Ubuntu; Linux x86_64; rv:138.0) Gecko/20100101 Firefox/138.0
2025-06-27T20:55:25.289Z /major GET HTTP/1.1 Mozilla/5.0 (X11; Ubuntu; Linux x86_64; rv:138.0) Gecko/20100101 Firefox/138.0
2025-06-27T20:56:46.267Z / GET HTTP/1.1 Mozilla/5.0 (X11; Ubuntu; Linux x86_64; rv:138.0) Gecko/20100101 Firefox/138.0
2025-06-27T20:56:46.292Z /favicon.ico GET HTTP/1.1 Mozilla/5.0 (X11; Ubuntu; Linux x86_64; rv:138.0) Gecko/20100101 Firefox/138.0
2025-06-27T21:02:24.849Z / GET HTTP/1.1 Mozilla/5.0 (X11; Ubuntu; Linux x86_64; rv:138.0) Gecko/20100101 Firefox/138.0
2025-06-27T21:02:25.904Z / GET HTTP/1.1 Mozilla/5.0 (X11; Ubuntu; Linux x86_64; rv:138.0) Gecko/20100101 Firefox/138.0
2025-06-27T21:03:01.900Z / GET HTTP/1.1 Mozilla/5.0 (X11; Ubuntu; Linux x86_64; rv:138.0) Gecko/20100101 Firefox/138.0
2025-06-27T21:03:06.348Z /main/about GET HTTP/1.1 Mozilla/5.0 (X11; Ubuntu; Linux x86_64; rv:138.0) Gecko/20100101 Firefox/138.0
2025-06-27T21:05:18.489Z / GET HTTP/1.1 Mozilla/5.0 (X11; Ubuntu; Linux x86_64; rv:138.0) Gecko/20100101 Firefox/138.0
2025-06-27T21:05:20.284Z /about? GET HTTP/1.1 Mozilla/5.0 (X11; Ubuntu; Linux x86_64; rv:138.0) Gecko/20100101 Firefox/138.0
2025-06-27T21:05:25.953Z /about? GET HTTP/1.1 Mozilla/5.0 (X11; Ubuntu; Linux x86_64; rv:138.0) Gecko/20100101 Firefox/138.0
2025-06-27T21:05:49.892Z / GET HTTP/1.1 Mozilla/5.0 (X11; Ubuntu; Linux x86_64; rv:138.0) Gecko/20100101 Firefox/138.0
2025-06-27T21:06:27.728Z / GET HTTP/1.1 Mozilla/5.0 (X11; Ubuntu; Linux x86_64; rv:138.0) Gecko/20100101 Firefox/138.0
2025-06-27T21:06:28.829Z /about? GET HTTP/1.1 Mozilla/5.0 (X11; Ubuntu; Linux x86_64; rv:138.0) Gecko/20100101 Firefox/138.0
2025-06-27T21:07:13.336Z / GET HTTP/1.1 Mozilla/5.0 (X11; Ubuntu; Linux x86_64; rv:138.0) Gecko/20100101 Firefox/138.0
2025-06-27T21:07:14.619Z /major? GET HTTP/1.1 Mozilla/5.0 (X11; Ubuntu; Linux x86_64; rv:138.0) Gecko/20100101 Firefox/138.0
2025-06-27T21:07:20.292Z / GET HTTP/1.1 Mozilla/5.0 (X11; Ubuntu; Linux x86_64; rv:138.0) Gecko/20100101 Firefox/138.0
2025-06-27T21:31:52.040Z / GET HTTP/1.1 Mozilla/5.0 (X11; Ubuntu; Linux x86_64; rv:138.0) Gecko/20100101 Firefox/138.0
2025-06-27T21:31:53.600Z /users? GET HTTP/1.1 Mozilla/5.0 (X11; Ubuntu; Linux x86_64; rv:138.0) Gecko/20100101 Firefox/138.0
2025-06-27T21:31:57.044Z /favicon.ico GET HTTP/1.1 Mozilla/5.0 (X11; Ubuntu; Linux x86_64; rv:138.0) Gecko/20100101 Firefox/138.0
2025-06-27T21:32:18.828Z / GET HTTP/1.1 Mozilla/5.0 (X11; Ubuntu; Linux x86_64; rv:138.0) Gecko/20100101 Firefox/138.0
2025-06-27T21:32:20.763Z /user? GET HTTP/1.1 Mozilla/5.0 (X11; Ubuntu; Linux x86_64; rv:138.0) Gecko/20100101 Firefox/138.0
2025-06-27T21:32:24.398Z /user/create GET HTTP/1.1 Mozilla/5.0 (X11; Ubuntu; Linux x86_64; rv:138.0) Gecko/20100101 Firefox/138.0
2025-06-27T21:32:33.845Z / GET HTTP/1.1 Mozilla/5.0 (X11; Ubuntu; Linux x86_64; rv:138.0) Gecko/20100101 Firefox/138.0
2025-06-27T21:33:20.420Z / GET HTTP/1.1 Mozilla/5.0 (X11; Ubuntu; Linux x86_64; rv:138.0) Gecko/20100101 Firefox/138.0
2025-06-27T21:33:21.523Z /user? GET HTTP/1.1 Mozilla/5.0 (X11; Ubuntu; Linux x86_64; rv:138.0) Gecko/20100101 Firefox/138.0
2025-06-27T21:33:23.401Z /user/create GET HTTP/1.1 Mozilla/5.0 (X11; Ubuntu; Linux x86_64; rv:138.0) Gecko/20100101 Firefox/138.0
2025-06-27T21:33:45.754Z /user/create POST HTTP/1.1 Mozilla/5.0 (X11; Ubuntu; Linux x86_64; rv:138.0) Gecko/20100101 Firefox/138.0
2025-06-27T21:33:52.098Z /user/create GET HTTP/1.1 Mozilla/5.0 (X11; Ubuntu; Linux x86_64; rv:138.0) Gecko/20100101 Firefox/138.0
2025-06-27T21:41:07.637Z /user/ GET HTTP/1.1 Mozilla/5.0 (X11; Ubuntu; Linux x86_64; rv:138.0) Gecko/20100101 Firefox/138.0
2025-06-27T21:41:07.697Z /favicon.ico GET HTTP/1.1 Mozilla/5.0 (X11; Ubuntu; Linux x86_64; rv:138.0) Gecko/20100101 Firefox/138.0
2025-06-27T21:41:10.086Z /user/create GET HTTP/1.1 Mozilla/5.0 (X11; Ubuntu; Linux x86_64; rv:138.0) Gecko/20100101 Firefox/138.0
2025-06-27T21:41:24.157Z /user/create POST HTTP/1.1 Mozilla/5.0 (X11; Ubuntu; Linux x86_64; rv:138.0) Gecko/20100101 Firefox/138.0
2025-06-27T21:42:20.450Z /user/create POST HTTP/1.1 Mozilla/5.0 (X11; Ubuntu; Linux x86_64; rv:138.0) Gecko/20100101 Firefox/138.0
2025-06-27T21:42:22.078Z /user/create GET HTTP/1.1 Mozilla/5.0 (X11; Ubuntu; Linux x86_64; rv:138.0) Gecko/20100101 Firefox/138.0
2025-06-27T21:42:25.831Z /user/create POST HTTP/1.1 Mozilla/5.0 (X11; Ubuntu; Linux x86_64; rv:138.0) Gecko/20100101 Firefox/138.0
2025-06-27T21:42:25.872Z /favicon.ico GET HTTP/1.1 Mozilla/5.0 (X11; Ubuntu; Linux x86_64; rv:138.0) Gecko/20100101 Firefox/138.0
2025-06-27T21:43:08.064Z /user/create GET HTTP/1.1 Mozilla/5.0 (X11; Ubuntu; Linux x86_64; rv:138.0) Gecko/20100101 Firefox/138.0
2025-06-27T21:43:09.393Z /user/create POST HTTP/1.1 Mozilla/5.0 (X11; Ubuntu; Linux x86_64; rv:138.0) Gecko/20100101 Firefox/138.0
2025-06-27T21:43:17.938Z /user/create GET HTTP/1.1 Mozilla/5.0 (X11; Ubuntu; Linux x86_64; rv:138.0) Gecko/20100101 Firefox/138.0
2025-06-27T21:43:21.944Z /user/create POST HTTP/1.1 Mozilla/5.0 (X11; Ubuntu; Linux x86_64; rv:138.0) Gecko/20100101 Firefox/138.0
2025-06-27T21:43:44.851Z /user/create GET HTTP/1.1 Mozilla/5.0 (X11; Ubuntu; Linux x86_64; rv:138.0) Gecko/20100101 Firefox/138.0
2025-06-27T21:43:46.212Z /user/create POST HTTP/1.1 Mozilla/5.0 (X11; Ubuntu; Linux x86_64; rv:138.0) Gecko/20100101 Firefox/138.0
2025-06-27T21:43:46.253Z /favicon.ico GET HTTP/1.1 Mozilla/5.0 (X11; Ubuntu; Linux x86_64; rv:138.0) Gecko/20100101 Firefox/138.0
2025-06-27T21:44:47.450Z /user/create GET HTTP/1.1 Mozilla/5.0 (X11; Ubuntu; Linux x86_64; rv:138.0) Gecko/20100101 Firefox/138.0
2025-06-27T21:44:48.567Z /user/create POST HTTP/1.1 Mozilla/5.0 (X11; Ubuntu; Linux x86_64; rv:138.0) Gecko/20100101 Firefox/138.0
2025-06-27T21:44:48.598Z /favicon.ico GET HTTP/1.1 Mozilla/5.0 (X11; Ubuntu; Linux x86_64; rv:138.0) Gecko/20100101 Firefox/138.0
2025-06-27T21:46:02.444Z /user/create GET HTTP/1.1 Mozilla/5.0 (X11; Ubuntu; Linux x86_64; rv:138.0) Gecko/20100101 Firefox/138.0
2025-06-27T21:46:03.660Z /user/create POST HTTP/1.1 Mozilla/5.0 (X11; Ubuntu; Linux x86_64; rv:138.0) Gecko/20100101 Firefox/138.0
2025-06-27T21:46:03.696Z /favicon.ico GET HTTP/1.1 Mozilla/5.0 (X11; Ubuntu; Linux x86_64; rv:138.0) Gecko/20100101 Firefox/138.0
2025-06-27T21:46:09.027Z /user/create GET HTTP/1.1 Mozilla/5.0 (X11; Ubuntu; Linux x86_64; rv:138.0) Gecko/20100101 Firefox/138.0
2025-06-27T21:47:39.192Z /user/create POST HTTP/1.1 Mozilla/5.0 (X11; Ubuntu; Linux x86_64; rv:138.0) Gecko/20100101 Firefox/138.0
2025-06-27T21:47:39.232Z /favicon.ico GET HTTP/1.1 Mozilla/5.0 (X11; Ubuntu; Linux x86_64; rv:138.0) Gecko/20100101 Firefox/138.0
2025-06-27T21:48:24.777Z /user/create GET HTTP/1.1 Mozilla/5.0 (X11; Ubuntu; Linux x86_64; rv:138.0) Gecko/20100101 Firefox/138.0
2025-06-27T21:48:25.948Z /user/create POST HTTP/1.1 Mozilla/5.0 (X11; Ubuntu; Linux x86_64; rv:138.0) Gecko/20100101 Firefox/138.0
2025-06-27T21:48:26.028Z /favicon.ico GET HTTP/1.1 Mozilla/5.0 (X11; Ubuntu; Linux x86_64; rv:138.0) Gecko/20100101 Firefox/138.0
2025-06-27T21:52:23.782Z /user GET HTTP/1.1 Mozilla/5.0 (X11; Ubuntu; Linux x86_64; rv:138.0) Gecko/20100101 Firefox/138.0
2025-06-27T21:52:26.257Z /user/create GET HTTP/1.1 Mozilla/5.0 (X11; Ubuntu; Linux x86_64; rv:138.0) Gecko/20100101 Firefox/138.0
2025-06-27T21:52:37.299Z /user/create POST HTTP/1.1 Mozilla/5.0 (X11; Ubuntu; Linux x86_64; rv:138.0) Gecko/20100101 Firefox/138.0
2025-06-27T21:58:44.576Z /user/create GET HTTP/1.1 Mozilla/5.0 (X11; Ubuntu; Linux x86_64; rv:138.0) Gecko/20100101 Firefox/138.0
2025-06-27T21:58:46.462Z /user/create POST HTTP/1.1 Mozilla/5.0 (X11; Ubuntu; Linux x86_64; rv:138.0) Gecko/20100101 Firefox/138.0
2025-06-27T21:58:46.476Z /user GET HTTP/1.1 Mozilla/5.0 (X11; Ubuntu; Linux x86_64; rv:138.0) Gecko/20100101 Firefox/138.0
2025-06-27T22:02:34.202Z /user GET HTTP/1.1 Mozilla/5.0 (X11; Ubuntu; Linux x86_64; rv:138.0) Gecko/20100101 Firefox/138.0
2025-06-27T22:04:36.379Z /user/read/cfa2c4ad-6ade-44f1-8c71-95352dcf34eb GET HTTP/1.1 Mozilla/5.0 (X11; Ubuntu; Linux x86_64; rv:138.0) Gecko/20100101 Firefox/138.0
2025-06-27T22:04:42.220Z /user GET HTTP/1.1 Mozilla/5.0 (X11; Ubuntu; Linux x86_64; rv:138.0) Gecko/20100101 Firefox/138.0
2025-06-27T22:06:42.465Z /user GET HTTP/1.1 Mozilla/5.0 (X11; Ubuntu; Linux x86_64; rv:138.0) Gecko/20100101 Firefox/138.0
2025-06-27T22:06:44.511Z /user/read/cfa2c4ad-6ade-44f1-8c71-95352dcf34eb GET HTTP/1.1 Mozilla/5.0 (X11; Ubuntu; Linux x86_64; rv:138.0) Gecko/20100101 Firefox/138.0
2025-06-27T22:06:48.877Z /user GET HTTP/1.1 Mozilla/5.0 (X11; Ubuntu; Linux x86_64; rv:138.0) Gecko/20100101 Firefox/138.0
2025-06-27T22:07:11.364Z /user/read/cfa2c4ad-6ade-44f1-8c71-95352dcf34eb GET HTTP/1.1 Mozilla/5.0 (X11; Ubuntu; Linux x86_64; rv:138.0) Gecko/20100101 Firefox/138.0
2025-06-27T22:07:26.099Z /user/read/cfa2c4ad-6ade-44f1-8c71-95352dcf34eb GET HTTP/1.1 Mozilla/5.0 (X11; Ubuntu; Linux x86_64; rv:138.0) Gecko/20100101 Firefox/138.0
2025-06-27T22:07:37.452Z /user GET HTTP/1.1 Mozilla/5.0 (X11; Ubuntu; Linux x86_64; rv:138.0) Gecko/20100101 Firefox/138.0
2025-06-27T22:09:39.405Z /user GET HTTP/1.1 Mozilla/5.0 (X11; Ubuntu; Linux x86_64; rv:138.0) Gecko/20100101 Firefox/138.0
2025-06-27T22:09:41.242Z /user/update/cfa2c4ad-6ade-44f1-8c71-95352dcf34eb GET HTTP/1.1 Mozilla/5.0 (X11; Ubuntu; Linux x86_64; rv:138.0) Gecko/20100101 Firefox/138.0
2025-06-27T22:10:14.644Z /major/ GET HTTP/1.1 Mozilla/5.0 (X11; Ubuntu; Linux x86_64; rv:138.0) Gecko/20100101 Firefox/138.0
2025-06-27T22:10:17.796Z /major/update/8da78da7-8c58-4736-b716-d8b3f0d03460 GET HTTP/1.1 Mozilla/5.0 (X11; Ubuntu; Linux x86_64; rv:138.0) Gecko/20100101 Firefox/138.0
2025-06-27T22:14:41.110Z /user GET HTTP/1.1 Mozilla/5.0 (X11; Ubuntu; Linux x86_64; rv:138.0) Gecko/20100101 Firefox/138.0
2025-06-27T22:15:23.119Z /user/update/cfa2c4ad-6ade-44f1-8c71-95352dcf34eb GET HTTP/1.1 Mozilla/5.0 (X11; Ubuntu; Linux x86_64; rv:138.0) Gecko/20100101 Firefox/138.0
2025-06-27T22:16:08.847Z /user/update/cfa2c4ad-6ade-44f1-8c71-95352dcf34eb GET HTTP/1.1 Mozilla/5.0 (X11; Ubuntu; Linux x86_64; rv:138.0) Gecko/20100101 Firefox/138.0
2025-06-27T22:16:15.217Z /user/update/cfa2c4ad-6ade-44f1-8c71-95352dcf34eb GET HTTP/1.1 Mozilla/5.0 (X11; Ubuntu; Linux x86_64; rv:138.0) Gecko/20100101 Firefox/138.0
2025-06-27T22:18:05.789Z /user/update/cfa2c4ad-6ade-44f1-8c71-95352dcf34eb GET HTTP/1.1 Mozilla/5.0 (X11; Ubuntu; Linux x86_64; rv:138.0) Gecko/20100101 Firefox/138.0
2025-06-27T22:18:13.336Z /user/create POST HTTP/1.1 Mozilla/5.0 (X11; Ubuntu; Linux x86_64; rv:138.0) Gecko/20100101 Firefox/138.0
2025-06-27T22:18:13.370Z /favicon.ico GET HTTP/1.1 Mozilla/5.0 (X11; Ubuntu; Linux x86_64; rv:138.0) Gecko/20100101 Firefox/138.0
2025-06-27T22:21:57.959Z /user/create POST HTTP/1.1 Mozilla/5.0 (X11; Ubuntu; Linux x86_64; rv:138.0) Gecko/20100101 Firefox/138.0
2025-06-27T22:21:57.999Z /favicon.ico GET HTTP/1.1 Mozilla/5.0 (X11; Ubuntu; Linux x86_64; rv:138.0) Gecko/20100101 Firefox/138.0
2025-06-27T22:22:04.130Z /user/update/cfa2c4ad-6ade-44f1-8c71-95352dcf34eb GET HTTP/1.1 Mozilla/5.0 (X11; Ubuntu; Linux x86_64; rv:138.0) Gecko/20100101 Firefox/138.0
2025-06-27T22:22:05.363Z /user/create POST HTTP/1.1 Mozilla/5.0 (X11; Ubuntu; Linux x86_64; rv:138.0) Gecko/20100101 Firefox/138.0
2025-06-27T22:22:05.389Z /favicon.ico GET HTTP/1.1 Mozilla/5.0 (X11; Ubuntu; Linux x86_64; rv:138.0) Gecko/20100101 Firefox/138.0
2025-06-27T22:23:15.159Z /user/update/cfa2c4ad-6ade-44f1-8c71-95352dcf34eb GET HTTP/1.1 Mozilla/5.0 (X11; Ubuntu; Linux x86_64; rv:138.0) Gecko/20100101 Firefox/138.0
2025-06-27T22:23:16.492Z /user/create POST HTTP/1.1 Mozilla/5.0 (X11; Ubuntu; Linux x86_64; rv:138.0) Gecko/20100101 Firefox/138.0
2025-06-27T22:23:16.524Z /favicon.ico GET HTTP/1.1 Mozilla/5.0 (X11; Ubuntu; Linux x86_64; rv:138.0) Gecko/20100101 Firefox/138.0
2025-06-27T22:23:48.498Z /user/update/cfa2c4ad-6ade-44f1-8c71-95352dcf34eb GET HTTP/1.1 Mozilla/5.0 (X11; Ubuntu; Linux x86_64; rv:138.0) Gecko/20100101 Firefox/138.0
2025-06-27T22:23:50.084Z /user/create POST HTTP/1.1 Mozilla/5.0 (X11; Ubuntu; Linux x86_64; rv:138.0) Gecko/20100101 Firefox/138.0
2025-06-27T22:23:50.117Z /favicon.ico GET HTTP/1.1 Mozilla/5.0 (X11; Ubuntu; Linux x86_64; rv:138.0) Gecko/20100101 Firefox/138.0
2025-06-27T22:24:06.858Z /user/create POST HTTP/1.1 Mozilla/5.0 (X11; Ubuntu; Linux x86_64; rv:138.0) Gecko/20100101 Firefox/138.0
2025-06-27T22:24:06.896Z /favicon.ico GET HTTP/1.1 Mozilla/5.0 (X11; Ubuntu; Linux x86_64; rv:138.0) Gecko/20100101 Firefox/138.0
2025-06-27T22:25:20.010Z / GET HTTP/1.1 Mozilla/5.0 (X11; Ubuntu; Linux x86_64; rv:138.0) Gecko/20100101 Firefox/138.0
2025-06-27T22:25:43.341Z /user? GET HTTP/1.1 Mozilla/5.0 (X11; Ubuntu; Linux x86_64; rv:138.0) Gecko/20100101 Firefox/138.0
2025-06-27T22:25:47.252Z /user/read/cfa2c4ad-6ade-44f1-8c71-95352dcf34eb GET HTTP/1.1 Mozilla/5.0 (X11; Ubuntu; Linux x86_64; rv:138.0) Gecko/20100101 Firefox/138.0
2025-06-27T22:25:49.548Z /user GET HTTP/1.1 Mozilla/5.0 (X11; Ubuntu; Linux x86_64; rv:138.0) Gecko/20100101 Firefox/138.0
2025-06-27T22:25:51.732Z /user/update/cfa2c4ad-6ade-44f1-8c71-95352dcf34eb GET HTTP/1.1 Mozilla/5.0 (X11; Ubuntu; Linux x86_64; rv:138.0) Gecko/20100101 Firefox/138.0
2025-06-27T22:28:18.487Z /user/update/cfa2c4ad-6ade-44f1-8c71-95352dcf34eb GET HTTP/1.1 Mozilla/5.0 (X11; Ubuntu; Linux x86_64; rv:138.0) Gecko/20100101 Firefox/138.0
2025-06-27T22:28:22.015Z /user/create POST HTTP/1.1 Mozilla/5.0 (X11; Ubuntu; Linux x86_64; rv:138.0) Gecko/20100101 Firefox/138.0
2025-06-27T22:28:22.044Z /favicon.ico GET HTTP/1.1 Mozilla/5.0 (X11; Ubuntu; Linux x86_64; rv:138.0) Gecko/20100101 Firefox/138.0
2025-06-27T22:29:39.134Z /user/create POST HTTP/1.1 Mozilla/5.0 (X11; Ubuntu; Linux x86_64; rv:138.0) Gecko/20100101 Firefox/138.0
2025-06-27T22:29:39.174Z /favicon.ico GET HTTP/1.1 Mozilla/5.0 (X11; Ubuntu; Linux x86_64; rv:138.0) Gecko/20100101 Firefox/138.0
2025-06-27T22:29:48.670Z /user/update/cfa2c4ad-6ade-44f1-8c71-95352dcf34eb GET HTTP/1.1 Mozilla/5.0 (X11; Ubuntu; Linux x86_64; rv:138.0) Gecko/20100101 Firefox/138.0
2025-06-27T22:29:50.256Z /user/create POST HTTP/1.1 Mozilla/5.0 (X11; Ubuntu; Linux x86_64; rv:138.0) Gecko/20100101 Firefox/138.0
2025-06-27T22:29:50.281Z /favicon.ico GET HTTP/1.1 Mozilla/5.0 (X11; Ubuntu; Linux x86_64; rv:138.0) Gecko/20100101 Firefox/138.0
2025-06-27T22:31:50.743Z /user/create POST HTTP/1.1 Mozilla/5.0 (X11; Ubuntu; Linux x86_64; rv:138.0) Gecko/20100101 Firefox/138.0
2025-06-27T22:31:50.784Z /favicon.ico GET HTTP/1.1 Mozilla/5.0 (X11; Ubuntu; Linux x86_64; rv:138.0) Gecko/20100101 Firefox/138.0
2025-06-27T22:34:51.780Z /user/create POST HTTP/1.1 Mozilla/5.0 (X11; Ubuntu; Linux x86_64; rv:138.0) Gecko/20100101 Firefox/138.0
2025-06-27T22:34:51.818Z /favicon.ico GET HTTP/1.1 Mozilla/5.0 (X11; Ubuntu; Linux x86_64; rv:138.0) Gecko/20100101 Firefox/138.0
2025-06-27T22:36:00.013Z /user/update/cfa2c4ad-6ade-44f1-8c71-95352dcf34eb GET HTTP/1.1 Mozilla/5.0 (X11; Ubuntu; Linux x86_64; rv:138.0) Gecko/20100101 Firefox/138.0
2025-06-27T22:36:01.488Z /user/create POST HTTP/1.1 Mozilla/5.0 (X11; Ubuntu; Linux x86_64; rv:138.0) Gecko/20100101 Firefox/138.0
2025-06-27T22:36:01.525Z /favicon.ico GET HTTP/1.1 Mozilla/5.0 (X11; Ubuntu; Linux x86_64; rv:138.0) Gecko/20100101 Firefox/138.0
2025-06-27T22:37:35.135Z /user/create POST HTTP/1.1 Mozilla/5.0 (X11; Ubuntu; Linux x86_64; rv:138.0) Gecko/20100101 Firefox/138.0
2025-06-27T22:37:35.182Z /favicon.ico GET HTTP/1.1 Mozilla/5.0 (X11; Ubuntu; Linux x86_64; rv:138.0) Gecko/20100101 Firefox/138.0
2025-06-27T22:38:05.247Z /user/create POST HTTP/1.1 Mozilla/5.0 (X11; Ubuntu; Linux x86_64; rv:138.0) Gecko/20100101 Firefox/138.0
2025-06-27T22:38:05.284Z /favicon.ico GET HTTP/1.1 Mozilla/5.0 (X11; Ubuntu; Linux x86_64; rv:138.0) Gecko/20100101 Firefox/138.0
2025-06-27T22:39:19.303Z /user/create POST HTTP/1.1 Mozilla/5.0 (X11; Ubuntu; Linux x86_64; rv:138.0) Gecko/20100101 Firefox/138.0
2025-06-27T22:39:19.353Z /favicon.ico GET HTTP/1.1 Mozilla/5.0 (X11; Ubuntu; Linux x86_64; rv:138.0) Gecko/20100101 Firefox/138.0
2025-06-27T22:39:24.982Z /user GET HTTP/1.1 Mozilla/5.0 (X11; Ubuntu; Linux x86_64; rv:138.0) Gecko/20100101 Firefox/138.0
2025-06-27T22:39:27.125Z /user/update/cfa2c4ad-6ade-44f1-8c71-95352dcf34eb GET HTTP/1.1 Mozilla/5.0 (X11; Ubuntu; Linux x86_64; rv:138.0) Gecko/20100101 Firefox/138.0
2025-06-27T22:39:28.206Z /user/update POST HTTP/1.1 Mozilla/5.0 (X11; Ubuntu; Linux x86_64; rv:138.0) Gecko/20100101 Firefox/138.0
2025-06-27T22:40:16.709Z /user/update/cfa2c4ad-6ade-44f1-8c71-95352dcf34eb GET HTTP/1.1 Mozilla/5.0 (X11; Ubuntu; Linux x86_64; rv:138.0) Gecko/20100101 Firefox/138.0
2025-06-27T22:40:18.371Z /user/update/cfa2c4ad-6ade-44f1-8c71-95352dcf34eb POST HTTP/1.1 Mozilla/5.0 (X11; Ubuntu; Linux x86_64; rv:138.0) Gecko/20100101 Firefox/138.0
2025-06-27T22:40:18.387Z /user GET HTTP/1.1 Mozilla/5.0 (X11; Ubuntu; Linux x86_64; rv:138.0) Gecko/20100101 Firefox/138.0
2025-06-27T22:40:21.445Z /user/update/cfa2c4ad-6ade-44f1-8c71-95352dcf34eb GET HTTP/1.1 Mozilla/5.0 (X11; Ubuntu; Linux x86_64; rv:138.0) Gecko/20100101 Firefox/138.0
2025-06-27T22:40:24.256Z /user/update/cfa2c4ad-6ade-44f1-8c71-95352dcf34eb POST HTTP/1.1 Mozilla/5.0 (X11; Ubuntu; Linux x86_64; rv:138.0) Gecko/20100101 Firefox/138.0
2025-06-27T22:40:24.266Z /user GET HTTP/1.1 Mozilla/5.0 (X11; Ubuntu; Linux x86_64; rv:138.0) Gecko/20100101 Firefox/138.0
2025-06-27T22:40:49.448Z /user/create GET HTTP/1.1 Mozilla/5.0 (X11; Ubuntu; Linux x86_64; rv:138.0) Gecko/20100101 Firefox/138.0
2025-06-27T22:41:06.690Z /user/create POST HTTP/1.1 Mozilla/5.0 (X11; Ubuntu; Linux x86_64; rv:138.0) Gecko/20100101 Firefox/138.0
2025-06-27T22:41:06.704Z /user GET HTTP/1.1 Mozilla/5.0 (X11; Ubuntu; Linux x86_64; rv:138.0) Gecko/20100101 Firefox/138.0
2025-06-27T22:41:11.928Z /user/remove/8a909853-b277-4f05-a998-5b5eb3ae7817 POST HTTP/1.1 Mozilla/5.0 (X11; Ubuntu; Linux x86_64; rv:138.0) Gecko/20100101 Firefox/138.0
2025-06-27T22:41:11.978Z /user GET HTTP/1.1 Mozilla/5.0 (X11; Ubuntu; Linux x86_64; rv:138.0) Gecko/20100101 Firefox/138.0
2025-06-27T22:41:13.829Z /user GET HTTP/1.1 Mozilla/5.0 (X11; Ubuntu; Linux x86_64; rv:138.0) Gecko/20100101 Firefox/138.0
